{
  "profileName": "csu-crimebot3",
  "jobId": "2ebf5b63-c6be-4707-afd0-3b95b1070d5c",
  "projectId": "43186.65407234397",
  "time": "2021-04-26T11:51:32.231Z",
  "log": [
    "Creating Azure resources...",
    "Checking the Existence of the Resource Group ...",
    "Use the Resource Group: csu-crimebot3 at australiasoutheast",
    "> Creating App Registration ...",
    "Start to add password for App, Id : c22ddef9-ce78-458a-b7c9-88c5e50c890e",
    "> Create App Registration Success! ID: c22ddef9-ce78-458a-b7c9-88c5e50c890e",
    "Deploying Web App Resource ...",
    "Deploying Bot Resource ...",
    "Deploying Cosmos DB Resource ...",
    "Deploying Application Insights Resource ...",
    "> Linking Application Insights settings to Bot Service ...",
    "> AppInsights AppId: 45f122c7-106b-4109-8e20-f2d4059f0a03 ...",
    "> AppInsights InstrumentationKey: 3a8049bd-6753-40e6-b632-93c7b3a46b55 ...",
    "> AppInsights ApiKey: 2zpceo8t863swd8t2urjtizavb462ceqm45tzhc2 ...",
    "> Linking Application Insights settings to Bot Service Success!",
    "Deploying Blob Storage Resource ...",
    "Deploying Luis Authoring Resource ...",
    "Deploying Luis Resource ...",
    "Deploying QnA Resource ...",
    "{\"stack\":\"Error: The resource 'csu-crimebot3' already exists in location 'australiasoutheast' in resource group 'csu-crimebot3'. A resource with the same name cannot be created in location 'westus'. Please select a new resource name.\\n    at new RestError2 (C:\\\\Users\\\\Andrew\\\\AppData\\\\Local\\\\Programs\\\\Bot Framework Composer\\\\resources\\\\app.asar.unpacked\\\\extensions\\\\azurePublish\\\\dist\\\\extension.js:89825:26)\\n    at C:\\\\Users\\\\Andrew\\\\AppData\\\\Local\\\\Programs\\\\Bot Framework Composer\\\\resources\\\\app.asar.unpacked\\\\extensions\\\\azurePublish\\\\dist\\\\extension.js:90746:27\\n    at async AzureResourceMananger.deployQnAReource (C:\\\\Users\\\\Andrew\\\\AppData\\\\Local\\\\Programs\\\\Bot Framework Composer\\\\resources\\\\app.asar.unpacked\\\\extensions\\\\azurePublish\\\\dist\\\\extension.js:184250:33)\\n    at async BotProjectProvision.create (C:\\\\Users\\\\Andrew\\\\AppData\\\\Local\\\\Programs\\\\Bot Framework Composer\\\\resources\\\\app.asar.unpacked\\\\extensions\\\\azurePublish\\\\dist\\\\extension.js:185046:36)\\n    at async AzurePublisher.asyncProvision (C:\\\\Users\\\\Andrew\\\\AppData\\\\Local\\\\Programs\\\\Bot Framework Composer\\\\resources\\\\app.asar.unpacked\\\\extensions\\\\azurePublish\\\\dist\\\\extension.js:185458:36)\",\"message\":\"The resource 'csu-crimebot3' already exists in location 'australiasoutheast' in resource group 'csu-crimebot3'. A resource with the same name cannot be created in location 'westus'. Please select a new resource name.\",\"code\":\"InvalidResourceLocation\",\"statusCode\":409,\"request\":{\"body\":\"{\\\"location\\\":\\\"westus\\\",\\\"sku\\\":{\\\"name\\\":\\\"S1\\\",\\\"tier\\\":\\\"Standard\\\",\\\"size\\\":\\\"S1\\\",\\\"family\\\":\\\"S\\\",\\\"capacity\\\":1}}\"},\"response\":{\"body\":\"{\\\"error\\\":{\\\"code\\\":\\\"InvalidResourceLocation\\\",\\\"message\\\":\\\"The resource 'csu-crimebot3' already exists in location 'australiasoutheast' in resource group 'csu-crimebot3'. A resource with the same name cannot be created in location 'westus'. Please select a new resource name.\\\"}}\"},\"body\":{}}",
    "{\"name\":\"CREATE_QNA_ERROR\",\"message\":\"Error - The resource 'csu-crimebot3' already exists in location 'australiasoutheast' in resource group 'csu-crimebot3'. A resource with the same name cannot be created in location 'westus'. Please select a new resource name.\",\"stack\":\"Error\\n    at new CustomizeError (C:\\\\Users\\\\Andrew\\\\AppData\\\\Local\\\\Programs\\\\Bot Framework Composer\\\\resources\\\\app.asar.unpacked\\\\extensions\\\\azurePublish\\\\dist\\\\extension.js:183482:25)\\n    at createCustomizeError (C:\\\\Users\\\\Andrew\\\\AppData\\\\Local\\\\Programs\\\\Bot Framework Composer\\\\resources\\\\app.asar.unpacked\\\\extensions\\\\azurePublish\\\\dist\\\\extension.js:183487:10)\\n    at AzureResourceMananger.deployQnAReource (C:\\\\Users\\\\Andrew\\\\AppData\\\\Local\\\\Programs\\\\Bot Framework Composer\\\\resources\\\\app.asar.unpacked\\\\extensions\\\\azurePublish\\\\dist\\\\extension.js:184387:13)\"}",
    "CREATE_QNA_ERROR - Error - The resource 'csu-crimebot3' already exists in location 'australiasoutheast' in resource group 'csu-crimebot3'. A resource with the same name cannot be created in location 'westus'. Please select a new resource name.\n        detail message can see provision.csu-crimebot3.log in your bot folder"
  ]
}
