{
  "profileName": "csu-crimebot",
  "jobId": "823d8016-3c25-4b1e-85cd-cc4509c89abf",
  "projectId": "43186.65407234397",
  "time": "2021-04-26T11:17:58.703Z",
  "log": [
    "Creating Azure resources...",
    "Checking the Existence of the Resource Group ...",
    "Use the Resource Group: csu-crimebot at australiasoutheast",
    "> Creating App Registration ...",
    "Start to add password for App, Id : d6baa803-f134-4636-a064-b8eafe847fba",
    "> Create App Registration Success! ID: d6baa803-f134-4636-a064-b8eafe847fba",
    "Deploying Web App Resource ...",
    "Deploying Bot Resource ...",
    "Deploying Application Insights Resource ...",
    "> Linking Application Insights settings to Bot Service ...",
    "> AppInsights AppId: 3a4da0c2-6997-4081-80d4-924417cc55b1 ...",
    "> AppInsights InstrumentationKey: 89a3f5b0-cfd1-414e-9943-9eb011f25253 ...",
    "> AppInsights ApiKey: lqkgnsj3n38ticstnbzat3ij8qjgcmv7kvjyzwvj ...",
    "> Linking Application Insights settings to Bot Service Success!",
    "Deploying Luis Authoring Resource ...",
    "Deploying Luis Resource ...",
    "Deploying QnA Resource ...",
    "{\"stack\":\"Error: The resource 'csu-crimebot' already exists in location 'australiasoutheast' in resource group 'csu-crimebot'. A resource with the same name cannot be created in location 'westus'. Please select a new resource name.\\n    at new RestError2 (C:\\\\Users\\\\Andrew\\\\AppData\\\\Local\\\\Programs\\\\Bot Framework Composer\\\\resources\\\\app.asar.unpacked\\\\extensions\\\\azurePublish\\\\dist\\\\extension.js:89825:26)\\n    at C:\\\\Users\\\\Andrew\\\\AppData\\\\Local\\\\Programs\\\\Bot Framework Composer\\\\resources\\\\app.asar.unpacked\\\\extensions\\\\azurePublish\\\\dist\\\\extension.js:90746:27\\n    at async AzureResourceMananger.deployQnAReource (C:\\\\Users\\\\Andrew\\\\AppData\\\\Local\\\\Programs\\\\Bot Framework Composer\\\\resources\\\\app.asar.unpacked\\\\extensions\\\\azurePublish\\\\dist\\\\extension.js:184250:33)\\n    at async BotProjectProvision.create (C:\\\\Users\\\\Andrew\\\\AppData\\\\Local\\\\Programs\\\\Bot Framework Composer\\\\resources\\\\app.asar.unpacked\\\\extensions\\\\azurePublish\\\\dist\\\\extension.js:185046:36)\\n    at async AzurePublisher.asyncProvision (C:\\\\Users\\\\Andrew\\\\AppData\\\\Local\\\\Programs\\\\Bot Framework Composer\\\\resources\\\\app.asar.unpacked\\\\extensions\\\\azurePublish\\\\dist\\\\extension.js:185458:36)\",\"message\":\"The resource 'csu-crimebot' already exists in location 'australiasoutheast' in resource group 'csu-crimebot'. A resource with the same name cannot be created in location 'westus'. Please select a new resource name.\",\"code\":\"InvalidResourceLocation\",\"statusCode\":409,\"request\":{\"body\":\"{\\\"location\\\":\\\"westus\\\",\\\"sku\\\":{\\\"name\\\":\\\"S1\\\",\\\"tier\\\":\\\"Standard\\\",\\\"size\\\":\\\"S1\\\",\\\"family\\\":\\\"S\\\",\\\"capacity\\\":1}}\"},\"response\":{\"body\":\"{\\\"error\\\":{\\\"code\\\":\\\"InvalidResourceLocation\\\",\\\"message\\\":\\\"The resource 'csu-crimebot' already exists in location 'australiasoutheast' in resource group 'csu-crimebot'. A resource with the same name cannot be created in location 'westus'. Please select a new resource name.\\\"}}\"},\"body\":{}}",
    "{\"name\":\"CREATE_QNA_ERROR\",\"message\":\"Error - The resource 'csu-crimebot' already exists in location 'australiasoutheast' in resource group 'csu-crimebot'. A resource with the same name cannot be created in location 'westus'. Please select a new resource name.\",\"stack\":\"Error\\n    at new CustomizeError (C:\\\\Users\\\\Andrew\\\\AppData\\\\Local\\\\Programs\\\\Bot Framework Composer\\\\resources\\\\app.asar.unpacked\\\\extensions\\\\azurePublish\\\\dist\\\\extension.js:183482:25)\\n    at createCustomizeError (C:\\\\Users\\\\Andrew\\\\AppData\\\\Local\\\\Programs\\\\Bot Framework Composer\\\\resources\\\\app.asar.unpacked\\\\extensions\\\\azurePublish\\\\dist\\\\extension.js:183487:10)\\n    at AzureResourceMananger.deployQnAReource (C:\\\\Users\\\\Andrew\\\\AppData\\\\Local\\\\Programs\\\\Bot Framework Composer\\\\resources\\\\app.asar.unpacked\\\\extensions\\\\azurePublish\\\\dist\\\\extension.js:184387:13)\"}",
    "CREATE_QNA_ERROR - Error - The resource 'csu-crimebot' already exists in location 'australiasoutheast' in resource group 'csu-crimebot'. A resource with the same name cannot be created in location 'westus'. Please select a new resource name.\n        detail message can see provision.csu-crimebot.log in your bot folder"
  ]
}
