{
  "profileName": "csu-crimebot2",
  "jobId": "828c79f6-c737-4cbb-9d12-ee98aae11c1c",
  "projectId": "43186.65407234397",
  "time": "2021-04-26T11:27:12.582Z",
  "log": [
    "Creating Azure resources...",
    "Checking the Existence of the Resource Group ...",
    "Use the Resource Group: csu-crimebot2 at australiasoutheast",
    "> Creating App Registration ...",
    "Start to add password for App, Id : b063df0c-3a71-4d66-978b-6609022d1d25",
    "> Create App Registration Success! ID: b063df0c-3a71-4d66-978b-6609022d1d25",
    "Deploying Web App Resource ...",
    "Deploying Bot Resource ...",
    "Deploying Application Insights Resource ...",
    "> Linking Application Insights settings to Bot Service ...",
    "> AppInsights AppId: cd76bc18-2d45-4c43-83ff-b7ee11664434 ...",
    "> AppInsights InstrumentationKey: 56b72e3a-fdd5-474c-9f57-0778955d98ac ...",
    "> AppInsights ApiKey: b08t4ywgrjr6p8i6byqhtw70b7ycoa66kpwbufpz ...",
    "> Linking Application Insights settings to Bot Service Success!",
    "Deploying Luis Authoring Resource ...",
    "Deploying Luis Resource ...",
    "Deploying QnA Resource ...",
    "{\"stack\":\"Error: The resource 'csu-crimebot2' already exists in location 'australiasoutheast' in resource group 'csu-crimebot2'. A resource with the same name cannot be created in location 'westus'. Please select a new resource name.\\n    at new RestError2 (C:\\\\Users\\\\Andrew\\\\AppData\\\\Local\\\\Programs\\\\Bot Framework Composer\\\\resources\\\\app.asar.unpacked\\\\extensions\\\\azurePublish\\\\dist\\\\extension.js:89825:26)\\n    at C:\\\\Users\\\\Andrew\\\\AppData\\\\Local\\\\Programs\\\\Bot Framework Composer\\\\resources\\\\app.asar.unpacked\\\\extensions\\\\azurePublish\\\\dist\\\\extension.js:90746:27\\n    at async AzureResourceMananger.deployQnAReource (C:\\\\Users\\\\Andrew\\\\AppData\\\\Local\\\\Programs\\\\Bot Framework Composer\\\\resources\\\\app.asar.unpacked\\\\extensions\\\\azurePublish\\\\dist\\\\extension.js:184250:33)\\n    at async BotProjectProvision.create (C:\\\\Users\\\\Andrew\\\\AppData\\\\Local\\\\Programs\\\\Bot Framework Composer\\\\resources\\\\app.asar.unpacked\\\\extensions\\\\azurePublish\\\\dist\\\\extension.js:185046:36)\\n    at async AzurePublisher.asyncProvision (C:\\\\Users\\\\Andrew\\\\AppData\\\\Local\\\\Programs\\\\Bot Framework Composer\\\\resources\\\\app.asar.unpacked\\\\extensions\\\\azurePublish\\\\dist\\\\extension.js:185458:36)\",\"message\":\"The resource 'csu-crimebot2' already exists in location 'australiasoutheast' in resource group 'csu-crimebot2'. A resource with the same name cannot be created in location 'westus'. Please select a new resource name.\",\"code\":\"InvalidResourceLocation\",\"statusCode\":409,\"request\":{\"body\":\"{\\\"location\\\":\\\"westus\\\",\\\"sku\\\":{\\\"name\\\":\\\"S1\\\",\\\"tier\\\":\\\"Standard\\\",\\\"size\\\":\\\"S1\\\",\\\"family\\\":\\\"S\\\",\\\"capacity\\\":1}}\"},\"response\":{\"body\":\"{\\\"error\\\":{\\\"code\\\":\\\"InvalidResourceLocation\\\",\\\"message\\\":\\\"The resource 'csu-crimebot2' already exists in location 'australiasoutheast' in resource group 'csu-crimebot2'. A resource with the same name cannot be created in location 'westus'. Please select a new resource name.\\\"}}\"},\"body\":{}}",
    "{\"name\":\"CREATE_QNA_ERROR\",\"message\":\"Error - The resource 'csu-crimebot2' already exists in location 'australiasoutheast' in resource group 'csu-crimebot2'. A resource with the same name cannot be created in location 'westus'. Please select a new resource name.\",\"stack\":\"Error\\n    at new CustomizeError (C:\\\\Users\\\\Andrew\\\\AppData\\\\Local\\\\Programs\\\\Bot Framework Composer\\\\resources\\\\app.asar.unpacked\\\\extensions\\\\azurePublish\\\\dist\\\\extension.js:183482:25)\\n    at createCustomizeError (C:\\\\Users\\\\Andrew\\\\AppData\\\\Local\\\\Programs\\\\Bot Framework Composer\\\\resources\\\\app.asar.unpacked\\\\extensions\\\\azurePublish\\\\dist\\\\extension.js:183487:10)\\n    at AzureResourceMananger.deployQnAReource (C:\\\\Users\\\\Andrew\\\\AppData\\\\Local\\\\Programs\\\\Bot Framework Composer\\\\resources\\\\app.asar.unpacked\\\\extensions\\\\azurePublish\\\\dist\\\\extension.js:184387:13)\"}",
    "CREATE_QNA_ERROR - Error - The resource 'csu-crimebot2' already exists in location 'australiasoutheast' in resource group 'csu-crimebot2'. A resource with the same name cannot be created in location 'westus'. Please select a new resource name.\n        detail message can see provision.csu-crimebot2.log in your bot folder"
  ]
}
